Analysis & Synthesis report for ProjectCam
Mon Dec 30 16:28:56 2024
Quartus Prime Version 22.1std.1 Build 917 02/14/2023 SC Lite Edition


---------------------
; Table of Contents ;
---------------------
  1. Legal Notice
  2. Analysis & Synthesis Summary
  3. Analysis & Synthesis Settings
  4. Parallel Compilation
  5. Analysis & Synthesis Source Files Read
  6. Analysis & Synthesis Resource Usage Summary
  7. Analysis & Synthesis Resource Utilization by Entity
  8. Registers Removed During Synthesis
  9. General Register Statistics
 10. Post-Synthesis Netlist Statistics for Top Partition
 11. Elapsed Time Per Partition
 12. Analysis & Synthesis Messages



----------------
; Legal Notice ;
----------------
Copyright (C) 2023  Intel Corporation. All rights reserved.
Your use of Intel Corporation's design tools, logic functions 
and other software and tools, and any partner logic 
functions, and any output files from any of the foregoing 
(including device programming or simulation files), and any 
associated documentation or information are expressly subject 
to the terms and conditions of the Intel Program License 
Subscription Agreement, the Intel Quartus Prime License Agreement,
the Intel FPGA IP License Agreement, or other applicable license
agreement, including, without limitation, that your use is for
the sole purpose of programming logic devices manufactured by
Intel and sold by Intel or its authorized distributors.  Please
refer to the applicable agreement for further details, at
https://fpgasoftware.intel.com/eula.



+-------------------------------------------------------------------------------------+
; Analysis & Synthesis Summary                                                        ;
+------------------------------------+------------------------------------------------+
; Analysis & Synthesis Status        ; Successful - Mon Dec 30 16:28:55 2024          ;
; Quartus Prime Version              ; 22.1std.1 Build 917 02/14/2023 SC Lite Edition ;
; Revision Name                      ; ProjectCam                                     ;
; Top-level Entity Name              ; DE10_LITE_Golden_Top                           ;
; Family                             ; MAX 10                                         ;
; Total logic elements               ; 105                                            ;
;     Total combinational functions  ; 81                                             ;
;     Dedicated logic registers      ; 55                                             ;
; Total registers                    ; 55                                             ;
; Total pins                         ; 108                                            ;
; Total virtual pins                 ; 0                                              ;
; Total memory bits                  ; 0                                              ;
; Embedded Multiplier 9-bit elements ; 0                                              ;
; Total PLLs                         ; 0                                              ;
; UFM blocks                         ; 0                                              ;
; ADC blocks                         ; 0                                              ;
+------------------------------------+------------------------------------------------+


+--------------------------------------------------------------------------------------------------------------+
; Analysis & Synthesis Settings                                                                                ;
+------------------------------------------------------------------+----------------------+--------------------+
; Option                                                           ; Setting              ; Default Value      ;
+------------------------------------------------------------------+----------------------+--------------------+
; Device                                                           ; 10M50DAF484C6GES     ;                    ;
; Top-level entity name                                            ; DE10_LITE_Golden_Top ; ProjectCam         ;
; Family name                                                      ; MAX 10               ; Cyclone V          ;
; Use smart compilation                                            ; Off                  ; Off                ;
; Enable parallel Assembler and Timing Analyzer during compilation ; On                   ; On                 ;
; Enable compact report table                                      ; Off                  ; Off                ;
; Restructure Multiplexers                                         ; Auto                 ; Auto               ;
; Create Debugging Nodes for IP Cores                              ; Off                  ; Off                ;
; Preserve fewer node names                                        ; On                   ; On                 ;
; Intel FPGA IP Evaluation Mode                                    ; Enable               ; Enable             ;
; Verilog Version                                                  ; Verilog_2001         ; Verilog_2001       ;
; VHDL Version                                                     ; VHDL_1993            ; VHDL_1993          ;
; State Machine Processing                                         ; Auto                 ; Auto               ;
; Safe State Machine                                               ; Off                  ; Off                ;
; Extract Verilog State Machines                                   ; On                   ; On                 ;
; Extract VHDL State Machines                                      ; On                   ; On                 ;
; Ignore Verilog initial constructs                                ; Off                  ; Off                ;
; Iteration limit for constant Verilog loops                       ; 5000                 ; 5000               ;
; Iteration limit for non-constant Verilog loops                   ; 250                  ; 250                ;
; Add Pass-Through Logic to Inferred RAMs                          ; On                   ; On                 ;
; Infer RAMs from Raw Logic                                        ; On                   ; On                 ;
; Parallel Synthesis                                               ; On                   ; On                 ;
; DSP Block Balancing                                              ; Auto                 ; Auto               ;
; NOT Gate Push-Back                                               ; On                   ; On                 ;
; Power-Up Don't Care                                              ; On                   ; On                 ;
; Remove Redundant Logic Cells                                     ; Off                  ; Off                ;
; Remove Duplicate Registers                                       ; On                   ; On                 ;
; Ignore CARRY Buffers                                             ; Off                  ; Off                ;
; Ignore CASCADE Buffers                                           ; Off                  ; Off                ;
; Ignore GLOBAL Buffers                                            ; Off                  ; Off                ;
; Ignore ROW GLOBAL Buffers                                        ; Off                  ; Off                ;
; Ignore LCELL Buffers                                             ; Off                  ; Off                ;
; Ignore SOFT Buffers                                              ; On                   ; On                 ;
; Limit AHDL Integers to 32 Bits                                   ; Off                  ; Off                ;
; Optimization Technique                                           ; Balanced             ; Balanced           ;
; Carry Chain Length                                               ; 70                   ; 70                 ;
; Auto Carry Chains                                                ; On                   ; On                 ;
; Auto Open-Drain Pins                                             ; On                   ; On                 ;
; Perform WYSIWYG Primitive Resynthesis                            ; Off                  ; Off                ;
; Auto ROM Replacement                                             ; On                   ; On                 ;
; Auto RAM Replacement                                             ; On                   ; On                 ;
; Auto DSP Block Replacement                                       ; On                   ; On                 ;
; Auto Shift Register Replacement                                  ; Auto                 ; Auto               ;
; Allow Shift Register Merging across Hierarchies                  ; Auto                 ; Auto               ;
; Auto Clock Enable Replacement                                    ; On                   ; On                 ;
; Strict RAM Replacement                                           ; Off                  ; Off                ;
; Allow Synchronous Control Signals                                ; On                   ; On                 ;
; Force Use of Synchronous Clear Signals                           ; Off                  ; Off                ;
; Auto RAM Block Balancing                                         ; On                   ; On                 ;
; Auto RAM to Logic Cell Conversion                                ; Off                  ; Off                ;
; Auto Resource Sharing                                            ; Off                  ; Off                ;
; Allow Any RAM Size For Recognition                               ; Off                  ; Off                ;
; Allow Any ROM Size For Recognition                               ; Off                  ; Off                ;
; Allow Any Shift Register Size For Recognition                    ; Off                  ; Off                ;
; Use LogicLock Constraints during Resource Balancing              ; On                   ; On                 ;
; Ignore translate_off and synthesis_off directives                ; Off                  ; Off                ;
; Timing-Driven Synthesis                                          ; On                   ; On                 ;
; Report Parameter Settings                                        ; On                   ; On                 ;
; Report Source Assignments                                        ; On                   ; On                 ;
; Report Connectivity Checks                                       ; On                   ; On                 ;
; Ignore Maximum Fan-Out Assignments                               ; Off                  ; Off                ;
; Synchronization Register Chain Length                            ; 2                    ; 2                  ;
; Power Optimization During Synthesis                              ; Normal compilation   ; Normal compilation ;
; HDL message level                                                ; Level2               ; Level2             ;
; Suppress Register Optimization Related Messages                  ; Off                  ; Off                ;
; Number of Removed Registers Reported in Synthesis Report         ; 5000                 ; 5000               ;
; Number of Swept Nodes Reported in Synthesis Report               ; 5000                 ; 5000               ;
; Number of Inverted Registers Reported in Synthesis Report        ; 100                  ; 100                ;
; Clock MUX Protection                                             ; On                   ; On                 ;
; Auto Gated Clock Conversion                                      ; Off                  ; Off                ;
; Block Design Naming                                              ; Auto                 ; Auto               ;
; SDC constraint protection                                        ; Off                  ; Off                ;
; Synthesis Effort                                                 ; Auto                 ; Auto               ;
; Shift Register Replacement - Allow Asynchronous Clear Signal     ; On                   ; On                 ;
; Pre-Mapping Resynthesis Optimization                             ; Off                  ; Off                ;
; Analysis & Synthesis Message Level                               ; Medium               ; Medium             ;
; Disable Register Merging Across Hierarchies                      ; Auto                 ; Auto               ;
; Resource Aware Inference For Block RAM                           ; On                   ; On                 ;
+------------------------------------------------------------------+----------------------+--------------------+


+------------------------------------------+
; Parallel Compilation                     ;
+----------------------------+-------------+
; Processors                 ; Number      ;
+----------------------------+-------------+
; Number detected on machine ; 12          ;
; Maximum allowed            ; 10          ;
;                            ;             ;
; Average used               ; 1.00        ;
; Maximum used               ; 10          ;
;                            ;             ;
; Usage by Processor         ; % Time Used ;
;     Processor 1            ; 100.0%      ;
;     Processor 2            ;   0.0%      ;
;     Processors 3-10        ;   0.0%      ;
+----------------------------+-------------+


+------------------------------------------------------------------------------------------------------------------------------------------------------+
; Analysis & Synthesis Source Files Read                                                                                                               ;
+----------------------------------+-----------------+------------------------+--------------------------------------------------------------+---------+
; File Name with User-Entered Path ; Used in Netlist ; File Type              ; File Name with Absolute Path                                 ; Library ;
+----------------------------------+-----------------+------------------------+--------------------------------------------------------------+---------+
; testBench.v                      ; yes             ; User Verilog HDL File  ; C:/Projects/Fpga/CameraTestingAttmpet/testBench.v            ;         ;
; DE10_LITE_Golden_Top.v           ; yes             ; User Verilog HDL File  ; C:/Projects/Fpga/CameraTestingAttmpet/DE10_LITE_Golden_Top.v ;         ;
; dataRegistering.v                ; yes             ; User Verilog HDL File  ; C:/Projects/Fpga/CameraTestingAttmpet/dataRegistering.v      ;         ;
; vgaGen.v                         ; yes             ; User Verilog HDL File  ; C:/Projects/Fpga/CameraTestingAttmpet/vgaGen.v               ;         ;
+----------------------------------+-----------------+------------------------+--------------------------------------------------------------+---------+


+---------------------------------------------------------+
; Analysis & Synthesis Resource Usage Summary             ;
+---------------------------------------------+-----------+
; Resource                                    ; Usage     ;
+---------------------------------------------+-----------+
; Estimated Total logic elements              ; 105       ;
;                                             ;           ;
; Total combinational functions               ; 81        ;
; Logic element usage by number of LUT inputs ;           ;
;     -- 4 input functions                    ; 32        ;
;     -- 3 input functions                    ; 18        ;
;     -- <=2 input functions                  ; 31        ;
;                                             ;           ;
; Logic elements by mode                      ;           ;
;     -- normal mode                          ; 62        ;
;     -- arithmetic mode                      ; 19        ;
;                                             ;           ;
; Total registers                             ; 55        ;
;     -- Dedicated logic registers            ; 55        ;
;     -- I/O registers                        ; 0         ;
;                                             ;           ;
; I/O pins                                    ; 108       ;
;                                             ;           ;
; Embedded Multiplier 9-bit elements          ; 0         ;
;                                             ;           ;
; Maximum fan-out node                        ; CamXCLK_i ;
; Maximum fan-out                             ; 31        ;
; Total fan-out                               ; 563       ;
; Average fan-out                             ; 1.53      ;
+---------------------------------------------+-----------+


+-------------------------------------------------------------------------------------------------------------------------------------------------------------------------------------------------------------------------------------------------------------------------------------------------------+
; Analysis & Synthesis Resource Utilization by Entity                                                                                                                                                                                                                                                   ;
+---------------------------------------------+---------------------+---------------------------+-------------+------------+--------------+---------+-----------+------+--------------+------------+--------------------------------------------------------------+----------------------+--------------+
; Compilation Hierarchy Node                  ; Combinational ALUTs ; Dedicated Logic Registers ; Memory Bits ; UFM Blocks ; DSP Elements ; DSP 9x9 ; DSP 18x18 ; Pins ; Virtual Pins ; ADC blocks ; Full Hierarchy Name                                          ; Entity Name          ; Library Name ;
+---------------------------------------------+---------------------+---------------------------+-------------+------------+--------------+---------+-----------+------+--------------+------------+--------------------------------------------------------------+----------------------+--------------+
; |DE10_LITE_Golden_Top                       ; 81 (1)              ; 55 (1)                    ; 0           ; 0          ; 0            ; 0       ; 0         ; 108  ; 0            ; 0          ; |DE10_LITE_Golden_Top                                        ; DE10_LITE_Golden_Top ; work         ;
;    |dataRegistering:dataRegesteringInstant| ; 2 (2)               ; 25 (25)                   ; 0           ; 0          ; 0            ; 0       ; 0         ; 0    ; 0            ; 0          ; |DE10_LITE_Golden_Top|dataRegistering:dataRegesteringInstant ; dataRegistering      ; work         ;
;    |vgaGen:vgaGenInstant|                   ; 78 (78)             ; 29 (29)                   ; 0           ; 0          ; 0            ; 0       ; 0         ; 0    ; 0            ; 0          ; |DE10_LITE_Golden_Top|vgaGen:vgaGenInstant                   ; vgaGen               ; work         ;
+---------------------------------------------+---------------------+---------------------------+-------------+------------+--------------+---------+-----------+------+--------------+------------+--------------------------------------------------------------+----------------------+--------------+
Note: For table entries with two numbers listed, the numbers in parentheses indicate the number of resources of the given type used by the specific entity alone. The numbers listed outside of parentheses indicate the total resources of the given type used by the specific entity and all of its sub-entities in the hierarchy.


+-----------------------------------------------------------------------------------+
; Registers Removed During Synthesis                                                ;
+---------------------------------------+-------------------------------------------+
; Register name                         ; Reason for Removal                        ;
+---------------------------------------+-------------------------------------------+
; vgaGen:vgaGenInstant|blue[1,2]        ; Merged with vgaGen:vgaGenInstant|blue[0]  ;
; vgaGen:vgaGenInstant|red[1,2]         ; Merged with vgaGen:vgaGenInstant|red[0]   ;
; vgaGen:vgaGenInstant|green[1,2]       ; Merged with vgaGen:vgaGenInstant|green[0] ;
; Total Number of Removed Registers = 6 ;                                           ;
+---------------------------------------+-------------------------------------------+


+------------------------------------------------------+
; General Register Statistics                          ;
+----------------------------------------------+-------+
; Statistic                                    ; Value ;
+----------------------------------------------+-------+
; Total registers                              ; 55    ;
; Number of registers using Synchronous Clear  ; 0     ;
; Number of registers using Synchronous Load   ; 0     ;
; Number of registers using Asynchronous Clear ; 30    ;
; Number of registers using Asynchronous Load  ; 0     ;
; Number of registers using Clock Enable       ; 26    ;
; Number of registers using Preset             ; 0     ;
+----------------------------------------------+-------+


+-----------------------------------------------------+
; Post-Synthesis Netlist Statistics for Top Partition ;
+-----------------------+-----------------------------+
; Type                  ; Count                       ;
+-----------------------+-----------------------------+
; boundary_port         ; 108                         ;
; cycloneiii_ff         ; 55                          ;
;     CLR               ; 20                          ;
;     ENA               ; 16                          ;
;     ENA CLR           ; 10                          ;
;     plain             ; 9                           ;
; cycloneiii_io_obuf    ; 16                          ;
; cycloneiii_lcell_comb ; 83                          ;
;     arith             ; 19                          ;
;         2 data inputs ; 19                          ;
;     normal            ; 64                          ;
;         0 data inputs ; 2                           ;
;         1 data inputs ; 3                           ;
;         2 data inputs ; 9                           ;
;         3 data inputs ; 18                          ;
;         4 data inputs ; 32                          ;
;                       ;                             ;
; Max LUT depth         ; 5.00                        ;
; Average LUT depth     ; 2.46                        ;
+-----------------------+-----------------------------+


+-------------------------------+
; Elapsed Time Per Partition    ;
+----------------+--------------+
; Partition Name ; Elapsed Time ;
+----------------+--------------+
; Top            ; 00:00:00     ;
+----------------+--------------+


+-------------------------------+
; Analysis & Synthesis Messages ;
+-------------------------------+
Info: *******************************************************************
Info: Running Quartus Prime Analysis & Synthesis
    Info: Version 22.1std.1 Build 917 02/14/2023 SC Lite Edition
    Info: Processing started: Mon Dec 30 16:28:46 2024
Info: Command: quartus_map --read_settings_files=on --write_settings_files=off ProjectCam -c ProjectCam
Warning (18236): Number of processors has not been specified which may cause overloading on shared machines.  Set the global assignment NUM_PARALLEL_PROCESSORS in your QSF to an appropriate value for best performance.
Info (20030): Parallel compilation is enabled and will use 10 of the 10 processors detected
Info (12021): Found 1 design units, including 1 entities, in source file testbench.v
    Info (12023): Found entity 1: testBench File: C:/Projects/Fpga/CameraTestingAttmpet/testBench.v Line: 21
Info (12021): Found 1 design units, including 1 entities, in source file de10_lite_golden_top.v
    Info (12023): Found entity 1: DE10_LITE_Golden_Top File: C:/Projects/Fpga/CameraTestingAttmpet/DE10_LITE_Golden_Top.v Line: 29
Info (12021): Found 1 design units, including 1 entities, in source file dataregistering.v
    Info (12023): Found entity 1: dataRegistering File: C:/Projects/Fpga/CameraTestingAttmpet/dataRegistering.v Line: 5
Info (12021): Found 1 design units, including 1 entities, in source file vgagen.v
    Info (12023): Found entity 1: vgaGen File: C:/Projects/Fpga/CameraTestingAttmpet/vgaGen.v Line: 1
Info (12127): Elaborating entity "DE10_LITE_Golden_Top" for the top level hierarchy
Warning (10034): Output port "DRAM_ADDR" at DE10_LITE_Golden_Top.v(44) has no driver File: C:/Projects/Fpga/CameraTestingAttmpet/DE10_LITE_Golden_Top.v Line: 44
Warning (10034): Output port "DRAM_BA" at DE10_LITE_Golden_Top.v(45) has no driver File: C:/Projects/Fpga/CameraTestingAttmpet/DE10_LITE_Golden_Top.v Line: 45
Warning (10034): Output port "LEDR" at DE10_LITE_Golden_Top.v(81) has no driver File: C:/Projects/Fpga/CameraTestingAttmpet/DE10_LITE_Golden_Top.v Line: 81
Warning (10034): Output port "DRAM_CAS_N" at DE10_LITE_Golden_Top.v(46) has no driver File: C:/Projects/Fpga/CameraTestingAttmpet/DE10_LITE_Golden_Top.v Line: 46
Warning (10034): Output port "DRAM_CKE" at DE10_LITE_Golden_Top.v(47) has no driver File: C:/Projects/Fpga/CameraTestingAttmpet/DE10_LITE_Golden_Top.v Line: 47
Warning (10034): Output port "DRAM_CLK" at DE10_LITE_Golden_Top.v(48) has no driver File: C:/Projects/Fpga/CameraTestingAttmpet/DE10_LITE_Golden_Top.v Line: 48
Warning (10034): Output port "DRAM_CS_N" at DE10_LITE_Golden_Top.v(49) has no driver File: C:/Projects/Fpga/CameraTestingAttmpet/DE10_LITE_Golden_Top.v Line: 49
Warning (10034): Output port "DRAM_LDQM" at DE10_LITE_Golden_Top.v(51) has no driver File: C:/Projects/Fpga/CameraTestingAttmpet/DE10_LITE_Golden_Top.v Line: 51
Warning (10034): Output port "DRAM_RAS_N" at DE10_LITE_Golden_Top.v(52) has no driver File: C:/Projects/Fpga/CameraTestingAttmpet/DE10_LITE_Golden_Top.v Line: 52
Warning (10034): Output port "DRAM_UDQM" at DE10_LITE_Golden_Top.v(53) has no driver File: C:/Projects/Fpga/CameraTestingAttmpet/DE10_LITE_Golden_Top.v Line: 53
Warning (10034): Output port "DRAM_WE_N" at DE10_LITE_Golden_Top.v(54) has no driver File: C:/Projects/Fpga/CameraTestingAttmpet/DE10_LITE_Golden_Top.v Line: 54
Info (12128): Elaborating entity "dataRegistering" for hierarchy "dataRegistering:dataRegesteringInstant" File: C:/Projects/Fpga/CameraTestingAttmpet/DE10_LITE_Golden_Top.v Line: 151
Warning (10036): Verilog HDL or VHDL warning at dataRegistering.v(20): object "CamVSYNC_i" assigned a value but never read File: C:/Projects/Fpga/CameraTestingAttmpet/dataRegistering.v Line: 20
Warning (10036): Verilog HDL or VHDL warning at dataRegistering.v(21): object "HREF_i" assigned a value but never read File: C:/Projects/Fpga/CameraTestingAttmpet/dataRegistering.v Line: 21
Info (12128): Elaborating entity "vgaGen" for hierarchy "vgaGen:vgaGenInstant" File: C:/Projects/Fpga/CameraTestingAttmpet/DE10_LITE_Golden_Top.v Line: 163
Warning (10230): Verilog HDL assignment warning at vgaGen.v(51): truncated value with size 32 to match size of target (10) File: C:/Projects/Fpga/CameraTestingAttmpet/vgaGen.v Line: 51
Warning (10230): Verilog HDL assignment warning at vgaGen.v(56): truncated value with size 32 to match size of target (11) File: C:/Projects/Fpga/CameraTestingAttmpet/vgaGen.v Line: 56
Warning (13039): The following bidirectional pins have no drivers
    Warning (13040): bidirectional pin "DRAM_DQ[0]" has no driver File: C:/Projects/Fpga/CameraTestingAttmpet/DE10_LITE_Golden_Top.v Line: 50
    Warning (13040): bidirectional pin "DRAM_DQ[1]" has no driver File: C:/Projects/Fpga/CameraTestingAttmpet/DE10_LITE_Golden_Top.v Line: 50
    Warning (13040): bidirectional pin "DRAM_DQ[2]" has no driver File: C:/Projects/Fpga/CameraTestingAttmpet/DE10_LITE_Golden_Top.v Line: 50
    Warning (13040): bidirectional pin "DRAM_DQ[3]" has no driver File: C:/Projects/Fpga/CameraTestingAttmpet/DE10_LITE_Golden_Top.v Line: 50
    Warning (13040): bidirectional pin "DRAM_DQ[4]" has no driver File: C:/Projects/Fpga/CameraTestingAttmpet/DE10_LITE_Golden_Top.v Line: 50
    Warning (13040): bidirectional pin "DRAM_DQ[5]" has no driver File: C:/Projects/Fpga/CameraTestingAttmpet/DE10_LITE_Golden_Top.v Line: 50
    Warning (13040): bidirectional pin "DRAM_DQ[6]" has no driver File: C:/Projects/Fpga/CameraTestingAttmpet/DE10_LITE_Golden_Top.v Line: 50
    Warning (13040): bidirectional pin "DRAM_DQ[7]" has no driver File: C:/Projects/Fpga/CameraTestingAttmpet/DE10_LITE_Golden_Top.v Line: 50
    Warning (13040): bidirectional pin "DRAM_DQ[8]" has no driver File: C:/Projects/Fpga/CameraTestingAttmpet/DE10_LITE_Golden_Top.v Line: 50
    Warning (13040): bidirectional pin "DRAM_DQ[9]" has no driver File: C:/Projects/Fpga/CameraTestingAttmpet/DE10_LITE_Golden_Top.v Line: 50
    Warning (13040): bidirectional pin "DRAM_DQ[10]" has no driver File: C:/Projects/Fpga/CameraTestingAttmpet/DE10_LITE_Golden_Top.v Line: 50
    Warning (13040): bidirectional pin "DRAM_DQ[11]" has no driver File: C:/Projects/Fpga/CameraTestingAttmpet/DE10_LITE_Golden_Top.v Line: 50
    Warning (13040): bidirectional pin "DRAM_DQ[12]" has no driver File: C:/Projects/Fpga/CameraTestingAttmpet/DE10_LITE_Golden_Top.v Line: 50
    Warning (13040): bidirectional pin "DRAM_DQ[13]" has no driver File: C:/Projects/Fpga/CameraTestingAttmpet/DE10_LITE_Golden_Top.v Line: 50
    Warning (13040): bidirectional pin "DRAM_DQ[14]" has no driver File: C:/Projects/Fpga/CameraTestingAttmpet/DE10_LITE_Golden_Top.v Line: 50
    Warning (13040): bidirectional pin "DRAM_DQ[15]" has no driver File: C:/Projects/Fpga/CameraTestingAttmpet/DE10_LITE_Golden_Top.v Line: 50
Warning (13024): Output pins are stuck at VCC or GND
    Warning (13410): Pin "DRAM_ADDR[0]" is stuck at GND File: C:/Projects/Fpga/CameraTestingAttmpet/DE10_LITE_Golden_Top.v Line: 44
    Warning (13410): Pin "DRAM_ADDR[1]" is stuck at GND File: C:/Projects/Fpga/CameraTestingAttmpet/DE10_LITE_Golden_Top.v Line: 44
    Warning (13410): Pin "DRAM_ADDR[2]" is stuck at GND File: C:/Projects/Fpga/CameraTestingAttmpet/DE10_LITE_Golden_Top.v Line: 44
    Warning (13410): Pin "DRAM_ADDR[3]" is stuck at GND File: C:/Projects/Fpga/CameraTestingAttmpet/DE10_LITE_Golden_Top.v Line: 44
    Warning (13410): Pin "DRAM_ADDR[4]" is stuck at GND File: C:/Projects/Fpga/CameraTestingAttmpet/DE10_LITE_Golden_Top.v Line: 44
    Warning (13410): Pin "DRAM_ADDR[5]" is stuck at GND File: C:/Projects/Fpga/CameraTestingAttmpet/DE10_LITE_Golden_Top.v Line: 44
    Warning (13410): Pin "DRAM_ADDR[6]" is stuck at GND File: C:/Projects/Fpga/CameraTestingAttmpet/DE10_LITE_Golden_Top.v Line: 44
    Warning (13410): Pin "DRAM_ADDR[7]" is stuck at GND File: C:/Projects/Fpga/CameraTestingAttmpet/DE10_LITE_Golden_Top.v Line: 44
    Warning (13410): Pin "DRAM_ADDR[8]" is stuck at GND File: C:/Projects/Fpga/CameraTestingAttmpet/DE10_LITE_Golden_Top.v Line: 44
    Warning (13410): Pin "DRAM_ADDR[9]" is stuck at GND File: C:/Projects/Fpga/CameraTestingAttmpet/DE10_LITE_Golden_Top.v Line: 44
    Warning (13410): Pin "DRAM_ADDR[10]" is stuck at GND File: C:/Projects/Fpga/CameraTestingAttmpet/DE10_LITE_Golden_Top.v Line: 44
    Warning (13410): Pin "DRAM_ADDR[11]" is stuck at GND File: C:/Projects/Fpga/CameraTestingAttmpet/DE10_LITE_Golden_Top.v Line: 44
    Warning (13410): Pin "DRAM_ADDR[12]" is stuck at GND File: C:/Projects/Fpga/CameraTestingAttmpet/DE10_LITE_Golden_Top.v Line: 44
    Warning (13410): Pin "DRAM_BA[0]" is stuck at GND File: C:/Projects/Fpga/CameraTestingAttmpet/DE10_LITE_Golden_Top.v Line: 45
    Warning (13410): Pin "DRAM_BA[1]" is stuck at GND File: C:/Projects/Fpga/CameraTestingAttmpet/DE10_LITE_Golden_Top.v Line: 45
    Warning (13410): Pin "DRAM_CAS_N" is stuck at GND File: C:/Projects/Fpga/CameraTestingAttmpet/DE10_LITE_Golden_Top.v Line: 46
    Warning (13410): Pin "DRAM_CKE" is stuck at GND File: C:/Projects/Fpga/CameraTestingAttmpet/DE10_LITE_Golden_Top.v Line: 47
    Warning (13410): Pin "DRAM_CLK" is stuck at GND File: C:/Projects/Fpga/CameraTestingAttmpet/DE10_LITE_Golden_Top.v Line: 48
    Warning (13410): Pin "DRAM_CS_N" is stuck at GND File: C:/Projects/Fpga/CameraTestingAttmpet/DE10_LITE_Golden_Top.v Line: 49
    Warning (13410): Pin "DRAM_LDQM" is stuck at GND File: C:/Projects/Fpga/CameraTestingAttmpet/DE10_LITE_Golden_Top.v Line: 51
    Warning (13410): Pin "DRAM_RAS_N" is stuck at GND File: C:/Projects/Fpga/CameraTestingAttmpet/DE10_LITE_Golden_Top.v Line: 52
    Warning (13410): Pin "DRAM_UDQM" is stuck at GND File: C:/Projects/Fpga/CameraTestingAttmpet/DE10_LITE_Golden_Top.v Line: 53
    Warning (13410): Pin "DRAM_WE_N" is stuck at GND File: C:/Projects/Fpga/CameraTestingAttmpet/DE10_LITE_Golden_Top.v Line: 54
    Warning (13410): Pin "LEDR[0]" is stuck at GND File: C:/Projects/Fpga/CameraTestingAttmpet/DE10_LITE_Golden_Top.v Line: 81
    Warning (13410): Pin "LEDR[1]" is stuck at GND File: C:/Projects/Fpga/CameraTestingAttmpet/DE10_LITE_Golden_Top.v Line: 81
    Warning (13410): Pin "LEDR[2]" is stuck at GND File: C:/Projects/Fpga/CameraTestingAttmpet/DE10_LITE_Golden_Top.v Line: 81
    Warning (13410): Pin "LEDR[3]" is stuck at GND File: C:/Projects/Fpga/CameraTestingAttmpet/DE10_LITE_Golden_Top.v Line: 81
    Warning (13410): Pin "LEDR[4]" is stuck at GND File: C:/Projects/Fpga/CameraTestingAttmpet/DE10_LITE_Golden_Top.v Line: 81
    Warning (13410): Pin "LEDR[5]" is stuck at GND File: C:/Projects/Fpga/CameraTestingAttmpet/DE10_LITE_Golden_Top.v Line: 81
    Warning (13410): Pin "LEDR[6]" is stuck at GND File: C:/Projects/Fpga/CameraTestingAttmpet/DE10_LITE_Golden_Top.v Line: 81
    Warning (13410): Pin "LEDR[7]" is stuck at GND File: C:/Projects/Fpga/CameraTestingAttmpet/DE10_LITE_Golden_Top.v Line: 81
    Warning (13410): Pin "LEDR[8]" is stuck at GND File: C:/Projects/Fpga/CameraTestingAttmpet/DE10_LITE_Golden_Top.v Line: 81
    Warning (13410): Pin "LEDR[9]" is stuck at GND File: C:/Projects/Fpga/CameraTestingAttmpet/DE10_LITE_Golden_Top.v Line: 81
    Warning (13410): Pin "CamReset" is stuck at VCC File: C:/Projects/Fpga/CameraTestingAttmpet/DE10_LITE_Golden_Top.v Line: 113
    Warning (13410): Pin "PWRDownCam" is stuck at GND File: C:/Projects/Fpga/CameraTestingAttmpet/DE10_LITE_Golden_Top.v Line: 114
Info (286030): Timing-Driven Synthesis is running
Info (16010): Generating hard_block partition "hard_block:auto_generated_inst"
    Info (16011): Adding 0 node(s), including 0 DDIO, 0 PLL, 0 transceiver and 0 LCELL
Warning (21074): Design contains 12 input pin(s) that do not drive logic
    Warning (15610): No output dependent on input pin "MAX10_CLK2_50" File: C:/Projects/Fpga/CameraTestingAttmpet/DE10_LITE_Golden_Top.v Line: 40
    Warning (15610): No output dependent on input pin "SW[0]" File: C:/Projects/Fpga/CameraTestingAttmpet/DE10_LITE_Golden_Top.v Line: 85
    Warning (15610): No output dependent on input pin "SW[1]" File: C:/Projects/Fpga/CameraTestingAttmpet/DE10_LITE_Golden_Top.v Line: 85
    Warning (15610): No output dependent on input pin "SW[2]" File: C:/Projects/Fpga/CameraTestingAttmpet/DE10_LITE_Golden_Top.v Line: 85
    Warning (15610): No output dependent on input pin "SW[3]" File: C:/Projects/Fpga/CameraTestingAttmpet/DE10_LITE_Golden_Top.v Line: 85
    Warning (15610): No output dependent on input pin "SW[4]" File: C:/Projects/Fpga/CameraTestingAttmpet/DE10_LITE_Golden_Top.v Line: 85
    Warning (15610): No output dependent on input pin "SW[5]" File: C:/Projects/Fpga/CameraTestingAttmpet/DE10_LITE_Golden_Top.v Line: 85
    Warning (15610): No output dependent on input pin "SW[6]" File: C:/Projects/Fpga/CameraTestingAttmpet/DE10_LITE_Golden_Top.v Line: 85
    Warning (15610): No output dependent on input pin "SW[7]" File: C:/Projects/Fpga/CameraTestingAttmpet/DE10_LITE_Golden_Top.v Line: 85
    Warning (15610): No output dependent on input pin "SW[8]" File: C:/Projects/Fpga/CameraTestingAttmpet/DE10_LITE_Golden_Top.v Line: 85
    Warning (15610): No output dependent on input pin "SW[9]" File: C:/Projects/Fpga/CameraTestingAttmpet/DE10_LITE_Golden_Top.v Line: 85
    Warning (15610): No output dependent on input pin "CamVSYNC" File: C:/Projects/Fpga/CameraTestingAttmpet/DE10_LITE_Golden_Top.v Line: 117
Info (21057): Implemented 214 device resources after synthesis - the final resource count might be different
    Info (21058): Implemented 25 input pins
    Info (21059): Implemented 67 output pins
    Info (21060): Implemented 16 bidirectional pins
    Info (21061): Implemented 106 logic cells
Info: Quartus Prime Analysis & Synthesis was successful. 0 errors, 82 warnings
    Info: Peak virtual memory: 4831 megabytes
    Info: Processing ended: Mon Dec 30 16:28:56 2024
    Info: Elapsed time: 00:00:10
    Info: Total CPU time (on all processors): 00:00:12


